<?xml version="1.0" encoding="UTF-8"?>
<!-- Generated by org.testng.reporters.JUnitXMLReporter -->
<testsuite hostname="LAPTOP-RT8EEJI2" ignored="0" name="Test" tests="7" failures="1" timestamp="22 May 2021 14:52:28 GMT" time="0.074" errors="0">
  <testcase name="data1" time="0.016" classname="com.maven.testNG.Sample_Test_Case">
    <skipped/>
  </testcase> <!-- data1 -->
  <testcase name="data1" time="0.001" classname="com.maven.testNG.Sample_Test_Case">
    <skipped/>
  </testcase> <!-- data1 -->
  <testcase name="data1" time="0.002" classname="com.maven.testNG.Sample_Test_Case">
    <skipped/>
  </testcase> <!-- data1 -->
  <testcase name="data1" time="0.002" classname="com.maven.testNG.Sample_Test_Case">
    <skipped/>
  </testcase> <!-- data1 -->
  <testcase name="data1" time="0.001" classname="com.maven.testNG.Sample_Test_Case">
    <skipped/>
  </testcase> <!-- data1 -->
  <testcase name="data1" time="0.001" classname="com.maven.testNG.Sample_Test_Case">
    <skipped/>
  </testcase> <!-- data1 -->
  <testcase name="data1" time="0.003" classname="com.maven.testNG.Sample_Test_Case">
    <failure type="java.lang.AssertionError" message="expected [Sai Krishna] but found [Sai]">
      <![CDATA[java.lang.AssertionError: expected [Sai Krishna] but found [Sai]
at com.maven.testNG.Sample_Test_Case.data1(Sample_Test_Case.java:12)
... Removed 31 stack frames]]>
    </failure>
  </testcase> <!-- data1 -->
</testsuite> <!-- Test -->
